[07-24 13:09:56,339, 2004] main.Main Starting at http://127.0.0.1:8080
[07-24 13:09:56,625, 2290] org.hibernate.Version HHH000412: Hibernate Core {5.2.5.Final}
[07-24 13:09:56,628, 2293] org.hibernate.cfg.Environment HHH000206: hibernate.properties not found
[07-24 13:09:56,745, 2410] org.hibernate.annotations.common.Version HCANN000001: Hibernate Commons Annotations {5.0.1.Final}
[07-24 13:09:56,972, 2637] org.hibernate.orm.connections.pooling HHH10001002: Using Hibernate built-in connection pool (not for production use!)
[07-24 13:09:56,980, 2645] org.hibernate.orm.connections.pooling HHH10001005: using driver [org.h2.Driver] at URL [jdbc:h2:./h2db]
[07-24 13:09:56,981, 2646] org.hibernate.orm.connections.pooling HHH10001001: Connection properties: {password=****, user=test}
[07-24 13:09:56,981, 2646] org.hibernate.orm.connections.pooling HHH10001003: Autocommit mode: false
[07-24 13:09:56,985, 2650] org.hibernate.engine.jdbc.connections.internal.DriverManagerConnectionProviderImpl HHH000115: Hibernate connection pool size: 20 (min=1)
[07-24 13:09:57,805, 3470] org.hibernate.dialect.Dialect HHH000400: Using dialect: org.hibernate.dialect.H2Dialect
[07-24 13:09:59,288, 4953] org.hibernate.orm.connections.access HHH10001501: Connection obtained from JdbcConnectionAccess [org.hibernate.engine.jdbc.env.internal.JdbcEnvironmentInitiator$ConnectionProviderJdbcConnectionAccess@3e48d38] for (non-JTA) DDL execution was not in auto-commit mode; the Connection 'local transaction' will be committed and the Connection will be set into auto-commit mode.
[07-24 13:09:59,312, 4977] org.hibernate.orm.connections.access HHH10001501: Connection obtained from JdbcConnectionAccess [org.hibernate.engine.jdbc.env.internal.JdbcEnvironmentInitiator$ConnectionProviderJdbcConnectionAccess@26d96e5] for (non-JTA) DDL execution was not in auto-commit mode; the Connection 'local transaction' will be committed and the Connection will be set into auto-commit mode.
[07-24 13:09:59,329, 4994] org.hibernate.tool.schema.internal.SchemaCreatorImpl HHH000476: Executing import script 'org.hibernate.tool.schema.internal.exec.ScriptSourceInputNonExistentImpl@78525ef9'
[07-24 13:09:59,913, 5578] main.Main Server started
[07-24 13:10:13,169, 18834] servlets.SignInServlet Name: null
[07-24 13:10:21,163, 26828] servlets.SignUpServlet Connected user name: qwe
[07-24 13:10:21,224, 26889] org.hibernate.hql.internal.QueryTranslatorFactoryInitiator HHH000397: Using ASTQueryTranslatorFactory
[07-24 13:10:21,423, 27088] servlets.SignUpServlet User: qwe success!
[07-24 13:10:25,694, 31359] servlets.SignInServlet Name: qwe
[07-24 13:10:25,707, 31372] servlets.SignInServlet User: qwe success!
