[07-24 12:17:39,388, 2642] main.Main Starting at http://127.0.0.1:8080
[07-24 12:17:39,937, 3191] org.hibernate.Version HHH000412: Hibernate Core {5.2.5.Final}
[07-24 12:17:39,948, 3202] org.hibernate.cfg.Environment HHH000206: hibernate.properties not found
[07-24 12:17:40,127, 3381] org.hibernate.annotations.common.Version HCANN000001: Hibernate Commons Annotations {5.0.1.Final}
[07-24 12:17:40,936, 4190] org.hibernate.orm.connections.pooling HHH10001002: Using Hibernate built-in connection pool (not for production use!)
[07-24 12:17:40,950, 4204] org.hibernate.orm.connections.pooling HHH10001005: using driver [org.h2.Driver] at URL [jdbc:h2:./h2db]
[07-24 12:17:40,953, 4207] org.hibernate.orm.connections.pooling HHH10001001: Connection properties: {password=****, user=test}
[07-24 12:17:40,955, 4209] org.hibernate.orm.connections.pooling HHH10001003: Autocommit mode: false
[07-24 12:17:40,971, 4225] org.hibernate.engine.jdbc.connections.internal.DriverManagerConnectionProviderImpl HHH000115: Hibernate connection pool size: 20 (min=1)
[07-24 12:17:41,710, 4964] org.hibernate.dialect.Dialect HHH000400: Using dialect: org.hibernate.dialect.H2Dialect
[07-24 12:17:43,029, 6283] org.hibernate.orm.connections.access HHH10001501: Connection obtained from JdbcConnectionAccess [org.hibernate.engine.jdbc.env.internal.JdbcEnvironmentInitiator$ConnectionProviderJdbcConnectionAccess@37303f12] for (non-JTA) DDL execution was not in auto-commit mode; the Connection 'local transaction' will be committed and the Connection will be set into auto-commit mode.
[07-24 12:17:43,054, 6308] org.hibernate.orm.connections.access HHH10001501: Connection obtained from JdbcConnectionAccess [org.hibernate.engine.jdbc.env.internal.JdbcEnvironmentInitiator$ConnectionProviderJdbcConnectionAccess@4248b963] for (non-JTA) DDL execution was not in auto-commit mode; the Connection 'local transaction' will be committed and the Connection will be set into auto-commit mode.
[07-24 12:17:43,072, 6326] org.hibernate.tool.schema.internal.SchemaCreatorImpl HHH000476: Executing import script 'org.hibernate.tool.schema.internal.exec.ScriptSourceInputNonExistentImpl@78525ef9'
[07-24 12:17:43,868, 7122] main.Main Server started
[07-24 12:18:20,604, 43858] servlets.SignUpServlet Connected user name: qwe
[07-24 12:18:20,813, 44067] org.hibernate.hql.internal.QueryTranslatorFactoryInitiator HHH000397: Using ASTQueryTranslatorFactory
[07-24 12:18:21,218, 44472] servlets.SignUpServlet User: qwe success!
[07-24 12:18:55,674, 78928] servlets.SignInServlet Name: qwe
[07-24 12:18:59,200, 82454] servlets.SignInServlet Name: qwe
[07-24 12:19:10,096, 93350] servlets.SignUpServlet Connected user name: ert
[07-24 12:19:10,103, 93357] servlets.SignUpServlet User: ert success!
[07-24 12:19:14,638, 97892] servlets.SignInServlet Name: ert
[07-24 12:19:14,708, 97962] servlets.SignInServlet User: ert success!
