[07-24 14:03:08,307, 2200] main.Main Starting at http://127.0.0.1:8080
[07-24 14:03:08,817, 2710] org.hibernate.Version HHH000412: Hibernate Core {5.2.5.Final}
[07-24 14:03:08,820, 2713] org.hibernate.cfg.Environment HHH000206: hibernate.properties not found
[07-24 14:03:08,981, 2874] org.hibernate.annotations.common.Version HCANN000001: Hibernate Commons Annotations {5.0.1.Final}
[07-24 14:03:09,380, 3273] org.hibernate.orm.connections.pooling HHH10001002: Using Hibernate built-in connection pool (not for production use!)
[07-24 14:03:09,390, 3283] org.hibernate.orm.connections.pooling HHH10001005: using driver [org.h2.Driver] at URL [jdbc:h2:./h2db]
[07-24 14:03:09,391, 3284] org.hibernate.orm.connections.pooling HHH10001001: Connection properties: {password=****, user=test}
[07-24 14:03:09,400, 3293] org.hibernate.orm.connections.pooling HHH10001003: Autocommit mode: false
[07-24 14:03:09,407, 3300] org.hibernate.engine.jdbc.connections.internal.DriverManagerConnectionProviderImpl HHH000115: Hibernate connection pool size: 20 (min=1)
[07-24 14:03:10,283, 4176] org.hibernate.dialect.Dialect HHH000400: Using dialect: org.hibernate.dialect.H2Dialect
[07-24 14:03:11,434, 5327] org.hibernate.orm.connections.access HHH10001501: Connection obtained from JdbcConnectionAccess [org.hibernate.engine.jdbc.env.internal.JdbcEnvironmentInitiator$ConnectionProviderJdbcConnectionAccess@3e48d38] for (non-JTA) DDL execution was not in auto-commit mode; the Connection 'local transaction' will be committed and the Connection will be set into auto-commit mode.
[07-24 14:03:11,461, 5354] org.hibernate.orm.connections.access HHH10001501: Connection obtained from JdbcConnectionAccess [org.hibernate.engine.jdbc.env.internal.JdbcEnvironmentInitiator$ConnectionProviderJdbcConnectionAccess@26d96e5] for (non-JTA) DDL execution was not in auto-commit mode; the Connection 'local transaction' will be committed and the Connection will be set into auto-commit mode.
[07-24 14:03:11,480, 5373] org.hibernate.tool.schema.internal.SchemaCreatorImpl HHH000476: Executing import script 'org.hibernate.tool.schema.internal.exec.ScriptSourceInputNonExistentImpl@78525ef9'
[07-24 14:03:12,071, 5964] main.Main Server started
[07-24 14:03:31,003, 24896] servlets.SignUpServlet Connected user name: qwe
[07-24 14:03:31,098, 24991] org.hibernate.hql.internal.QueryTranslatorFactoryInitiator HHH000397: Using ASTQueryTranslatorFactory
[07-24 14:03:31,289, 25182] servlets.SignUpServlet User: qwe success!
[07-24 14:03:33,095, 26988] servlets.SignUpServlet Connected user name: 
[07-24 14:03:33,100, 26993] servlets.SignUpServlet User:  success!
[07-24 14:03:39,941, 33834] servlets.SignUpServlet Connected user name: 
[07-24 14:03:39,949, 33842] servlets.SignUpServlet User:  fail!
[07-24 14:03:44,607, 38500] servlets.SignInServlet Name: qwe
[07-24 14:03:44,615, 38508] servlets.SignInServlet User: qwe success!
