[07-24 00:33:07,901, 2448] main.Main Starting at http://127.0.0.1:8080
[07-24 00:33:08,202, 2749] org.hibernate.Version HHH000412: Hibernate Core {5.2.5.Final}
[07-24 00:33:08,205, 2752] org.hibernate.cfg.Environment HHH000206: hibernate.properties not found
[07-24 00:33:08,356, 2903] org.hibernate.annotations.common.Version HCANN000001: Hibernate Commons Annotations {5.0.1.Final}
[07-24 00:33:08,622, 3169] org.hibernate.orm.connections.pooling HHH10001002: Using Hibernate built-in connection pool (not for production use!)
[07-24 00:33:08,632, 3179] org.hibernate.orm.connections.pooling HHH10001005: using driver [org.h2.Driver] at URL [jdbc:h2:./h2db]
[07-24 00:33:08,633, 3180] org.hibernate.orm.connections.pooling HHH10001001: Connection properties: {password=****, user=test}
[07-24 00:33:08,633, 3180] org.hibernate.orm.connections.pooling HHH10001003: Autocommit mode: false
[07-24 00:33:08,638, 3185] org.hibernate.engine.jdbc.connections.internal.DriverManagerConnectionProviderImpl HHH000115: Hibernate connection pool size: 20 (min=1)
[07-24 00:33:09,627, 4174] org.hibernate.dialect.Dialect HHH000400: Using dialect: org.hibernate.dialect.H2Dialect
[07-24 00:33:11,107, 5654] org.hibernate.orm.connections.access HHH10001501: Connection obtained from JdbcConnectionAccess [org.hibernate.engine.jdbc.env.internal.JdbcEnvironmentInitiator$ConnectionProviderJdbcConnectionAccess@760cf594] for (non-JTA) DDL execution was not in auto-commit mode; the Connection 'local transaction' will be committed and the Connection will be set into auto-commit mode.
[07-24 00:33:11,129, 5676] org.hibernate.orm.connections.access HHH10001501: Connection obtained from JdbcConnectionAccess [org.hibernate.engine.jdbc.env.internal.JdbcEnvironmentInitiator$ConnectionProviderJdbcConnectionAccess@7a0f244f] for (non-JTA) DDL execution was not in auto-commit mode; the Connection 'local transaction' will be committed and the Connection will be set into auto-commit mode.
[07-24 00:33:11,149, 5696] org.hibernate.tool.schema.internal.SchemaCreatorImpl HHH000476: Executing import script 'org.hibernate.tool.schema.internal.exec.ScriptSourceInputNonExistentImpl@53a665ad'
[07-24 00:33:12,055, 6602] main.Main Server started
[07-24 00:33:36,645, 31192] servlets.SignInServlet Name: asd
[07-24 00:33:36,883, 31430] org.hibernate.hql.internal.QueryTranslatorFactoryInitiator HHH000397: Using ASTQueryTranslatorFactory
[07-24 00:33:41,164, 35711] servlets.SignUpServlet Connected user name: null
[07-24 00:33:41,164, 35711] servlets.SignUpServlet User: null fail!
[07-24 00:33:51,629, 46176] servlets.SignInServlet Name: qwe
[07-24 00:34:01,909, 56456] servlets.SignUpServlet Connected user name: qwe
[07-24 00:34:02,028, 56575] servlets.SignUpServlet User: qwe success!
[07-24 00:34:07,927, 62474] servlets.SignInServlet Name: qwe
[07-24 00:34:12,009, 66556] servlets.SignInServlet Name: qwe
[07-24 00:34:18,254, 72801] servlets.SignUpServlet Connected user name: r
[07-24 00:34:18,260, 72807] servlets.SignUpServlet User: r success!
[07-24 00:34:23,617, 78164] servlets.SignInServlet Name: r
[07-24 00:34:23,632, 78179] servlets.SignInServlet User: r success!
