[07-24 16:37:56,198, 2569] main.Main Starting at http://127.0.0.1:8080
[07-24 16:37:56,836, 3207] org.hibernate.Version HHH000412: Hibernate Core {5.2.5.Final}
[07-24 16:37:56,839, 3210] org.hibernate.cfg.Environment HHH000206: hibernate.properties not found
[07-24 16:37:57,019, 3390] org.hibernate.annotations.common.Version HCANN000001: Hibernate Commons Annotations {5.0.1.Final}
[07-24 16:37:57,267, 3638] org.hibernate.orm.connections.pooling HHH10001002: Using Hibernate built-in connection pool (not for production use!)
[07-24 16:37:57,272, 3643] org.hibernate.orm.connections.pooling HHH10001005: using driver [org.h2.Driver] at URL [jdbc:h2:./h2db]
[07-24 16:37:57,273, 3644] org.hibernate.orm.connections.pooling HHH10001001: Connection properties: {password=****, user=test}
[07-24 16:37:57,273, 3644] org.hibernate.orm.connections.pooling HHH10001003: Autocommit mode: false
[07-24 16:37:57,276, 3647] org.hibernate.engine.jdbc.connections.internal.DriverManagerConnectionProviderImpl HHH000115: Hibernate connection pool size: 20 (min=1)
[07-24 16:37:57,805, 4176] org.hibernate.dialect.Dialect HHH000400: Using dialect: org.hibernate.dialect.H2Dialect
[07-24 16:37:59,026, 5397] org.hibernate.orm.connections.access HHH10001501: Connection obtained from JdbcConnectionAccess [org.hibernate.engine.jdbc.env.internal.JdbcEnvironmentInitiator$ConnectionProviderJdbcConnectionAccess@3e48d38] for (non-JTA) DDL execution was not in auto-commit mode; the Connection 'local transaction' will be committed and the Connection will be set into auto-commit mode.
[07-24 16:37:59,075, 5446] org.hibernate.orm.connections.access HHH10001501: Connection obtained from JdbcConnectionAccess [org.hibernate.engine.jdbc.env.internal.JdbcEnvironmentInitiator$ConnectionProviderJdbcConnectionAccess@26d96e5] for (non-JTA) DDL execution was not in auto-commit mode; the Connection 'local transaction' will be committed and the Connection will be set into auto-commit mode.
[07-24 16:37:59,092, 5463] org.hibernate.tool.schema.internal.SchemaCreatorImpl HHH000476: Executing import script 'org.hibernate.tool.schema.internal.exec.ScriptSourceInputNonExistentImpl@78525ef9'
[07-24 16:37:59,833, 6204] main.Main Server started
[07-24 16:38:15,352, 21723] servlets.SignUpServlet Connected user name: qwe
[07-24 16:38:15,682, 22053] org.hibernate.hql.internal.QueryTranslatorFactoryInitiator HHH000397: Using ASTQueryTranslatorFactory
[07-24 16:38:15,903, 22274] servlets.SignUpServlet User: qwe success!
[07-24 16:38:20,771, 27142] servlets.SignInServlet Name: qwe
[07-24 16:38:20,822, 27193] servlets.SignInServlet User: qwe success!
[07-24 16:38:45,763, 52134] servlets.SignUpServlet Connected user name: ert
[07-24 16:38:45,768, 52139] servlets.SignUpServlet User: ert success!
[07-24 16:38:49,879, 56250] servlets.SignInServlet Name: ert
[07-24 16:38:49,883, 56254] servlets.SignInServlet User: ert success!
