[07-24 12:49:06,150, 2130] main.Main Starting at http://127.0.0.1:8080
[07-24 12:49:06,486, 2466] org.hibernate.Version HHH000412: Hibernate Core {5.2.5.Final}
[07-24 12:49:06,488, 2468] org.hibernate.cfg.Environment HHH000206: hibernate.properties not found
[07-24 12:49:06,635, 2615] org.hibernate.annotations.common.Version HCANN000001: Hibernate Commons Annotations {5.0.1.Final}
[07-24 12:49:06,947, 2927] org.hibernate.orm.connections.pooling HHH10001002: Using Hibernate built-in connection pool (not for production use!)
[07-24 12:49:06,960, 2940] org.hibernate.orm.connections.pooling HHH10001005: using driver [org.h2.Driver] at URL [jdbc:h2:./h2db]
[07-24 12:49:06,962, 2942] org.hibernate.orm.connections.pooling HHH10001001: Connection properties: {password=****, user=test}
[07-24 12:49:06,965, 2945] org.hibernate.orm.connections.pooling HHH10001003: Autocommit mode: false
[07-24 12:49:06,977, 2957] org.hibernate.engine.jdbc.connections.internal.DriverManagerConnectionProviderImpl HHH000115: Hibernate connection pool size: 20 (min=1)
[07-24 12:49:07,651, 3631] org.hibernate.dialect.Dialect HHH000400: Using dialect: org.hibernate.dialect.H2Dialect
[07-24 12:49:08,709, 4689] org.hibernate.orm.connections.access HHH10001501: Connection obtained from JdbcConnectionAccess [org.hibernate.engine.jdbc.env.internal.JdbcEnvironmentInitiator$ConnectionProviderJdbcConnectionAccess@3e48d38] for (non-JTA) DDL execution was not in auto-commit mode; the Connection 'local transaction' will be committed and the Connection will be set into auto-commit mode.
[07-24 12:49:08,726, 4706] org.hibernate.orm.connections.access HHH10001501: Connection obtained from JdbcConnectionAccess [org.hibernate.engine.jdbc.env.internal.JdbcEnvironmentInitiator$ConnectionProviderJdbcConnectionAccess@26d96e5] for (non-JTA) DDL execution was not in auto-commit mode; the Connection 'local transaction' will be committed and the Connection will be set into auto-commit mode.
[07-24 12:49:08,749, 4729] org.hibernate.tool.schema.internal.SchemaCreatorImpl HHH000476: Executing import script 'org.hibernate.tool.schema.internal.exec.ScriptSourceInputNonExistentImpl@78525ef9'
[07-24 12:49:09,375, 5355] main.Main Server started
[07-24 12:49:31,804, 27784] servlets.SignInServlet Name: null
[07-24 12:49:52,314, 48294] servlets.SignUpServlet Connected user name: qwe
[07-24 12:49:52,376, 48356] org.hibernate.hql.internal.QueryTranslatorFactoryInitiator HHH000397: Using ASTQueryTranslatorFactory
[07-24 12:49:52,581, 48561] servlets.SignUpServlet User: qwe success!
[07-24 12:49:55,942, 51922] servlets.SignInServlet Name: qwe
[07-24 12:49:55,953, 51933] servlets.SignInServlet User: qwe success!
[07-24 12:51:56,447, 172427] servlets.SignUpServlet Connected user name: qwe
[07-24 12:51:56,450, 172430] servlets.SignUpServlet User: qwe fail!
[07-24 12:52:04,264, 180244] servlets.SignInServlet Name: wer
[07-24 12:52:14,632, 190612] servlets.SignUpServlet Connected user name: qwe
[07-24 12:52:14,634, 190614] servlets.SignUpServlet User: qwe fail!
[07-24 12:52:23,253, 199233] servlets.SignInServlet Name: wer
[07-24 12:52:33,320, 209300] servlets.SignUpServlet Connected user name: ert
[07-24 12:52:33,326, 209306] servlets.SignUpServlet User: ert success!
[07-24 12:52:43,650, 219630] servlets.SignInServlet Name: ert
[07-24 12:52:43,655, 219635] servlets.SignInServlet User: ert success!
