[07-24 13:07:46,274, 2292] main.Main Starting at http://127.0.0.1:8080
[07-24 13:07:46,603, 2621] org.hibernate.Version HHH000412: Hibernate Core {5.2.5.Final}
[07-24 13:07:46,606, 2624] org.hibernate.cfg.Environment HHH000206: hibernate.properties not found
[07-24 13:07:46,706, 2724] org.hibernate.annotations.common.Version HCANN000001: Hibernate Commons Annotations {5.0.1.Final}
[07-24 13:07:47,036, 3054] org.hibernate.orm.connections.pooling HHH10001002: Using Hibernate built-in connection pool (not for production use!)
[07-24 13:07:47,045, 3063] org.hibernate.orm.connections.pooling HHH10001005: using driver [org.h2.Driver] at URL [jdbc:h2:./h2db]
[07-24 13:07:47,046, 3064] org.hibernate.orm.connections.pooling HHH10001001: Connection properties: {password=****, user=test}
[07-24 13:07:47,048, 3066] org.hibernate.orm.connections.pooling HHH10001003: Autocommit mode: false
[07-24 13:07:47,053, 3071] org.hibernate.engine.jdbc.connections.internal.DriverManagerConnectionProviderImpl HHH000115: Hibernate connection pool size: 20 (min=1)
[07-24 13:07:47,792, 3810] org.hibernate.dialect.Dialect HHH000400: Using dialect: org.hibernate.dialect.H2Dialect
[07-24 13:07:48,896, 4914] org.hibernate.orm.connections.access HHH10001501: Connection obtained from JdbcConnectionAccess [org.hibernate.engine.jdbc.env.internal.JdbcEnvironmentInitiator$ConnectionProviderJdbcConnectionAccess@3e48d38] for (non-JTA) DDL execution was not in auto-commit mode; the Connection 'local transaction' will be committed and the Connection will be set into auto-commit mode.
[07-24 13:07:48,916, 4934] org.hibernate.orm.connections.access HHH10001501: Connection obtained from JdbcConnectionAccess [org.hibernate.engine.jdbc.env.internal.JdbcEnvironmentInitiator$ConnectionProviderJdbcConnectionAccess@26d96e5] for (non-JTA) DDL execution was not in auto-commit mode; the Connection 'local transaction' will be committed and the Connection will be set into auto-commit mode.
[07-24 13:07:48,933, 4951] org.hibernate.tool.schema.internal.SchemaCreatorImpl HHH000476: Executing import script 'org.hibernate.tool.schema.internal.exec.ScriptSourceInputNonExistentImpl@78525ef9'
[07-24 13:07:49,549, 5567] main.Main Server started
[07-24 13:07:54,434, 10452] servlets.SignInServlet Name: qwe
[07-24 13:07:54,523, 10541] org.hibernate.hql.internal.QueryTranslatorFactoryInitiator HHH000397: Using ASTQueryTranslatorFactory
[07-24 13:08:05,535, 21553] servlets.SignUpServlet Connected user name: qwe
[07-24 13:08:05,574, 21592] servlets.SignUpServlet User: qwe success!
[07-24 13:08:10,523, 26541] servlets.SignInServlet Name: qwe
[07-24 13:08:10,533, 26551] servlets.SignInServlet User: qwe success!
[07-24 13:08:13,655, 29673] servlets.SignInServlet Name: null
[07-24 13:08:20,085, 36103] servlets.SignInServlet Name: qwe
[07-24 13:08:20,088, 36106] servlets.SignInServlet User: qwe success!
[07-24 13:09:01,038, 77056] servlets.SignInServlet Name: null
[07-24 13:09:06,757, 82775] servlets.SignInServlet Name: qwe
[07-24 13:09:06,760, 82778] servlets.SignInServlet User: qwe success!
