[07-24 12:35:11,917, 2048] main.Main Starting at http://127.0.0.1:8080
[07-24 12:35:12,229, 2360] org.hibernate.Version HHH000412: Hibernate Core {5.2.5.Final}
[07-24 12:35:12,233, 2364] org.hibernate.cfg.Environment HHH000206: hibernate.properties not found
[07-24 12:35:12,342, 2473] org.hibernate.annotations.common.Version HCANN000001: Hibernate Commons Annotations {5.0.1.Final}
[07-24 12:35:12,627, 2758] org.hibernate.orm.connections.pooling HHH10001002: Using Hibernate built-in connection pool (not for production use!)
[07-24 12:35:12,652, 2783] org.hibernate.orm.connections.pooling HHH10001005: using driver [org.h2.Driver] at URL [jdbc:h2:./h2db]
[07-24 12:35:12,655, 2786] org.hibernate.orm.connections.pooling HHH10001001: Connection properties: {password=****, user=test}
[07-24 12:35:12,656, 2787] org.hibernate.orm.connections.pooling HHH10001003: Autocommit mode: false
[07-24 12:35:12,663, 2794] org.hibernate.engine.jdbc.connections.internal.DriverManagerConnectionProviderImpl HHH000115: Hibernate connection pool size: 20 (min=1)
[07-24 12:35:13,401, 3532] org.hibernate.dialect.Dialect HHH000400: Using dialect: org.hibernate.dialect.H2Dialect
[07-24 12:35:14,473, 4604] org.hibernate.orm.connections.access HHH10001501: Connection obtained from JdbcConnectionAccess [org.hibernate.engine.jdbc.env.internal.JdbcEnvironmentInitiator$ConnectionProviderJdbcConnectionAccess@3e48d38] for (non-JTA) DDL execution was not in auto-commit mode; the Connection 'local transaction' will be committed and the Connection will be set into auto-commit mode.
[07-24 12:35:14,492, 4623] org.hibernate.orm.connections.access HHH10001501: Connection obtained from JdbcConnectionAccess [org.hibernate.engine.jdbc.env.internal.JdbcEnvironmentInitiator$ConnectionProviderJdbcConnectionAccess@26d96e5] for (non-JTA) DDL execution was not in auto-commit mode; the Connection 'local transaction' will be committed and the Connection will be set into auto-commit mode.
[07-24 12:35:14,527, 4658] org.hibernate.tool.schema.internal.SchemaCreatorImpl HHH000476: Executing import script 'org.hibernate.tool.schema.internal.exec.ScriptSourceInputNonExistentImpl@78525ef9'
[07-24 12:35:15,112, 5243] main.Main Server started
[07-24 12:35:25,691, 15822] servlets.SignUpServlet Connected user name: wer
[07-24 12:35:25,788, 15919] org.hibernate.hql.internal.QueryTranslatorFactoryInitiator HHH000397: Using ASTQueryTranslatorFactory
[07-24 12:35:25,983, 16114] servlets.SignUpServlet User: wer success!
[07-24 12:35:33,937, 24068] servlets.SignInServlet Name: wer
[07-24 12:35:33,948, 24079] servlets.SignInServlet User: wer success!
[07-24 12:35:41,415, 31546] servlets.SignInServlet Name: null
[07-24 12:35:52,084, 42215] servlets.SignInServlet Name: wer
[07-24 12:35:52,086, 42217] servlets.SignInServlet User: wer success!
