[07-24 18:12:30,391, 2878] main.Main Starting at http://127.0.0.1:8080
[07-24 18:12:31,125, 3612] org.hibernate.Version HHH000412: Hibernate Core {5.2.5.Final}
[07-24 18:12:31,128, 3615] org.hibernate.cfg.Environment HHH000206: hibernate.properties not found
[07-24 18:12:31,275, 3762] org.hibernate.annotations.common.Version HCANN000001: Hibernate Commons Annotations {5.0.1.Final}
[07-24 18:12:31,570, 4057] org.hibernate.orm.connections.pooling HHH10001002: Using Hibernate built-in connection pool (not for production use!)
[07-24 18:12:31,575, 4062] org.hibernate.orm.connections.pooling HHH10001005: using driver [org.h2.Driver] at URL [jdbc:h2:./h2db]
[07-24 18:12:31,575, 4062] org.hibernate.orm.connections.pooling HHH10001001: Connection properties: {password=****, user=test}
[07-24 18:12:31,575, 4062] org.hibernate.orm.connections.pooling HHH10001003: Autocommit mode: false
[07-24 18:12:31,578, 4065] org.hibernate.engine.jdbc.connections.internal.DriverManagerConnectionProviderImpl HHH000115: Hibernate connection pool size: 20 (min=1)
[07-24 18:12:32,186, 4673] org.hibernate.dialect.Dialect HHH000400: Using dialect: org.hibernate.dialect.H2Dialect
[07-24 18:12:33,640, 6127] org.hibernate.orm.connections.access HHH10001501: Connection obtained from JdbcConnectionAccess [org.hibernate.engine.jdbc.env.internal.JdbcEnvironmentInitiator$ConnectionProviderJdbcConnectionAccess@7c2b58c0] for (non-JTA) DDL execution was not in auto-commit mode; the Connection 'local transaction' will be committed and the Connection will be set into auto-commit mode.
[07-24 18:12:33,677, 6164] org.hibernate.orm.connections.access HHH10001501: Connection obtained from JdbcConnectionAccess [org.hibernate.engine.jdbc.env.internal.JdbcEnvironmentInitiator$ConnectionProviderJdbcConnectionAccess@336880df] for (non-JTA) DDL execution was not in auto-commit mode; the Connection 'local transaction' will be committed and the Connection will be set into auto-commit mode.
[07-24 18:12:33,694, 6181] org.hibernate.tool.schema.internal.SchemaCreatorImpl HHH000476: Executing import script 'org.hibernate.tool.schema.internal.exec.ScriptSourceInputNonExistentImpl@2d0ecb24'
[07-24 18:12:34,543, 7030] main.Main Server started
[07-24 18:13:15,858, 48345] servlets.SignUpServlet Connected user name: qwe
[07-24 18:13:16,350, 48837] org.hibernate.hql.internal.QueryTranslatorFactoryInitiator HHH000397: Using ASTQueryTranslatorFactory
[07-24 18:13:17,157, 49644] servlets.SignUpServlet User: qwe registered!
[07-24 18:13:25,316, 57803] servlets.SignInServlet Try to log in name: qwe
[07-24 18:13:25,527, 58014] servlets.SignInServlet User: qwe authorized!
[07-24 18:13:25,532, 58019] servlets.SignUpServlet User "qwe" added to the chat
[07-24 18:13:51,939, 84426] servlets.SignInServlet Try to log in name: qwe
[07-24 18:13:51,942, 84429] servlets.SignInServlet User: qwe authorized!
[07-24 18:13:51,943, 84430] servlets.SignUpServlet User "qwe" added to the chat
